fatal: not a git repository (or any parent up to mount point /)
Stopping at filesystem boundary (GIT_DISCOVERY_ACROSS_FILESYSTEM not set).
fatal: not a git repository (or any parent up to mount point /)
Stopping at filesystem boundary (GIT_DISCOVERY_ACROSS_FILESYSTEM not set).
fatal: not a git repository (or any parent up to mount point /)
Stopping at filesystem boundary (GIT_DISCOVERY_ACROSS_FILESYSTEM not set).
fatal: not a git repository (or any parent up to mount point /)
Stopping at filesystem boundary (GIT_DISCOVERY_ACROSS_FILESYSTEM not set).
fatal: not a git repository (or any parent up to mount point /)
Stopping at filesystem boundary (GIT_DISCOVERY_ACROSS_FILESYSTEM not set).
fatal: not a git repository (or any parent up to mount point /)
Stopping at filesystem boundary (GIT_DISCOVERY_ACROSS_FILESYSTEM not set).
/data/mr423/project/code
[master 96756c7] auto update
 4 files changed, 41 insertions(+)
 create mode 100644 .ipynb_checkpoints/cron_log-checkpoint.log
 create mode 100755 .ipynb_checkpoints/git_auto_update-checkpoint.sh
 create mode 100644 cron_log.log
To github.com:Skyer19/code.git
   98e31a9..96756c7  master -> master
/data/mr423/project/code
[master 743b4ce] auto update
 1 file changed, 8 insertions(+)
To github.com:Skyer19/code.git
   96756c7..743b4ce  master -> master
Current time: $(data)
[master f94f5e9] auto update
 3 files changed, 7 insertions(+), 2 deletions(-)
To github.com:Skyer19/code.git
   743b4ce..f94f5e9  master -> master
Current time: $(date)
[master 319acf2] auto update
 3 files changed, 7 insertions(+), 2 deletions(-)
To github.com:Skyer19/code.git
   f94f5e9..319acf2  master -> master
Current time: $(date)
[master 5dec06b] auto update
 2 files changed, 5 insertions(+)
 create mode 100644 .git_auto_update.sh.swp
To github.com:Skyer19/code.git
   319acf2..5dec06b  master -> master
Current time: Sun Aug  4 16:44:01 UTC 2024
[master 2272b61] auto update
 3 files changed, 7 insertions(+), 1 deletion(-)
 delete mode 100644 .git_auto_update.sh.swp
To github.com:Skyer19/code.git
   5dec06b..2272b61  master -> master
Current time: Sun Aug  4 16:45:01 UTC 2024
[master e351132] auto update
 1 file changed, 6 insertions(+)
To github.com:Skyer19/code.git
   2272b61..e351132  master -> master
Current time: Sun Aug  4 16:46:01 UTC 2024
